-------------------------------------------------------------------------------
Test set: com.coppel.usuario.security.rest.AuthenticationRestControllerTest
-------------------------------------------------------------------------------
Tests run: 5, Failures: 1, Errors: 0, Skipped: 0, Time elapsed: 4.784 s <<< FAILURE! - in com.coppel.usuario.security.rest.AuthenticationRestControllerTest
successfulAuthenticationWithUser(com.coppel.usuario.security.rest.AuthenticationRestControllerTest)  Time elapsed: 0.116 s  <<< FAILURE!
java.lang.AssertionError: Status expected:<200> but was:<401>
	at com.coppel.usuario.security.rest.AuthenticationRestControllerTest.successfulAuthenticationWithUser(AuthenticationRestControllerTest.java:20)

