<?xml version="1.0" encoding="UTF-8"?>
<testsuite xmlns:xsi="http://www.w3.org/2001/XMLSchema-instance" xsi:noNamespaceSchemaLocation="https://maven.apache.org/surefire/maven-surefire-plugin/xsd/surefire-test-report.xsd" name="com.coppel.usuario.security.rest.AuthenticationRestControllerTest" time="4.784" tests="5" errors="0" skipped="0" failures="1">
  <properties>
[...]
</properties>
  <testcase name="unsuccessfulAuthenticationWithNotExistingUser" classname="com.coppel.usuario.security.rest.AuthenticationRestControllerTest" time="1.029"/>
  <testcase name="unsuccessfulAuthenticationWithWrongPassword" classname="com.coppel.usuario.security.rest.AuthenticationRestControllerTest" time="0.118"/>
  <testcase name="successfulAuthenticationWithUser" classname="com.coppel.usuario.security.rest.AuthenticationRestControllerTest" time="0.116">
    <failure message="Status expected:&lt;200&gt; but was:&lt;401&gt;" type="java.lang.AssertionError"><![CDATA[java.lang.AssertionError: Status expected:<200> but was:<401>
	at com.coppel.usuario.security.rest.AuthenticationRestControllerTest.successfulAuthenticationWithUser(AuthenticationRestControllerTest.java:20)
]]></failure>
    <system-out><![CDATA[
MockHttpServletRequest:
      HTTP Method = POST
      Request URI = /api/authenticate
       Parameters = {}
          Headers = [Content-Type:"application/json;charset=UTF-8"]
             Body = {"password": "password", "username": "user"}
    Session Attrs = {}

Handler:
             Type = com.coppel.usuario.security.rest.AuthenticationRestController
           Method = public org.springframework.http.ResponseEntity<com.coppel.usuario.security.rest.AuthenticationRestController$JWTToken> com.coppel.usuario.security.rest.AuthenticationRestController.authorize(com.coppel.usuario.security.rest.dto.LoginDto)

Async:
    Async started = false
     Async result = null

Resolved Exception:
             Type = null

ModelAndView:
        View name = null
             View = null
            Model = null

FlashMap:
       Attributes = null

MockHttpServletResponse:
           Status = 401
    Error message = Bad credentials
          Headers = [X-Content-Type-Options:"nosniff", X-XSS-Protection:"1; mode=block", Cache-Control:"no-cache, no-store, max-age=0, must-revalidate", Pragma:"no-cache", Expires:"0", X-Frame-Options:"SAMEORIGIN"]
     Content type = null
             Body = 
    Forwarded URL = null
   Redirected URL = null
          Cookies = []
]]></system-out>
  </testcase>
  <testcase name="unsuccessfulAuthenticationWithDisabled" classname="com.coppel.usuario.security.rest.AuthenticationRestControllerTest" time="0.029"/>
  <testcase name="successfulAuthenticationWithAdmin" classname="com.coppel.usuario.security.rest.AuthenticationRestControllerTest" time="0.103"/>
</testsuite>